INFO [acme.Launcher] Starting Launcher using Java 1.8.0_221 on CAPONATA with PID 21788 (D:\Courses\D&T\20-21\Workspace-21.2\Starters\Starter-Project\target\classes started by corchu in D:\Courses\D&T\20-21\Workspace-21.2\Starters\Starter-Project)
INFO [acme.Launcher] The following profiles are active: development,populator
INFO [acme.Launcher] Started Launcher in 4.966 seconds (JVM running for 5.623)
INFO [acme.framework.utilities.DatabasePopulator] Populating sample data
INFO [acme.framework.utilities.DatabasePopulator] Recreating schema
INFO [acme.framework.utilities.DatabasePopulator] Populating entities from classpath:/WEB-INF/population/initial-data.xml
INFO [acme.framework.utilities.DatabasePopulator] Validating your entities.
INFO [acme.framework.utilities.DatabasePopulator] Validating anonymousUserAccount ... PASS
INFO [acme.framework.utilities.DatabasePopulator] Validating anonymousAnonymous ... PASS
INFO [acme.framework.utilities.DatabasePopulator] Validating administratorUserAccount ... PASS
INFO [acme.framework.utilities.DatabasePopulator] Validating administratorAdministrator ... PASS
INFO [acme.framework.utilities.DatabasePopulator] Validating administratorAuthenticated ... PASS
INFO [acme.framework.utilities.DatabasePopulator] Sorting your entities topologically.
INFO [acme.framework.utilities.DatabasePopulator] > Setting index 0 for anonymousUserAccount.
INFO [acme.framework.utilities.DatabasePopulator] > Setting index 1 for anonymousAnonymous.
INFO [acme.framework.utilities.DatabasePopulator] > Setting index 2 for administratorUserAccount.
INFO [acme.framework.utilities.DatabasePopulator] > Setting index 3 for administratorAdministrator.
INFO [acme.framework.utilities.DatabasePopulator] > Setting index 4 for administratorAuthenticated.
INFO [acme.framework.utilities.DatabasePopulator] Persiting your entities.
INFO [acme.framework.utilities.DatabasePopulator] > Persisting anonymousUserAccount = acme.framework.entities.UserAccount{id=1, version=0}
INFO [acme.framework.utilities.DatabasePopulator] > Persisting anonymousAnonymous = acme.framework.entities.Anonymous{id=2, version=0}
INFO [acme.framework.utilities.DatabasePopulator] > Persisting administratorUserAccount = acme.framework.entities.UserAccount{id=3, version=0}
INFO [acme.framework.utilities.DatabasePopulator] > Persisting administratorAdministrator = acme.framework.entities.Administrator{id=4, version=0}
INFO [acme.framework.utilities.DatabasePopulator] > Persisting administratorAuthenticated = acme.framework.entities.Authenticated{id=5, version=0}
INFO [acme.framework.utilities.DatabasePopulator] Populating entities from classpath:/WEB-INF/population/sample-data.xml
INFO [acme.framework.utilities.DatabasePopulator] Validating your entities.
INFO [acme.framework.utilities.DatabasePopulator] Sorting your entities topologically.
INFO [acme.framework.utilities.DatabasePopulator] Persiting your entities.
INFO [acme.framework.configuration.ShutdownConfiguration] The system is shutting down...
INFO [acme.Launcher] Starting Launcher using Java 1.8.0_221 on CAPONATA with PID 19292 (D:\Courses\D&T\20-21\Workspace-21.2\Starters\Starter-Project\target\classes started by corchu in D:\Courses\D&T\20-21\Workspace-21.2\Starters\Starter-Project)
INFO [acme.Launcher] The following profiles are active: development,populator
INFO [acme.Launcher] Started Launcher in 5.143 seconds (JVM running for 5.797)
INFO [acme.framework.utilities.DatabasePopulator] Populating sample data
INFO [acme.framework.utilities.DatabasePopulator] Recreating schema
INFO [acme.framework.utilities.DatabasePopulator] Populating entities from classpath:/WEB-INF/population/initial-data.xml
INFO [acme.framework.utilities.DatabasePopulator] Validating your entities.
INFO [acme.framework.utilities.DatabasePopulator] Validating anonymousUserAccount ... PASS
INFO [acme.framework.utilities.DatabasePopulator] Validating anonymousAnonymous ... PASS
INFO [acme.framework.utilities.DatabasePopulator] Validating administratorUserAccount ... PASS
INFO [acme.framework.utilities.DatabasePopulator] Validating administratorAdministrator ... PASS
INFO [acme.framework.utilities.DatabasePopulator] Validating administratorAuthenticated ... PASS
INFO [acme.framework.utilities.DatabasePopulator] Sorting your entities topologically.
INFO [acme.framework.utilities.DatabasePopulator] > Setting index 0 for anonymousUserAccount.
INFO [acme.framework.utilities.DatabasePopulator] > Setting index 1 for anonymousAnonymous.
INFO [acme.framework.utilities.DatabasePopulator] > Setting index 2 for administratorUserAccount.
INFO [acme.framework.utilities.DatabasePopulator] > Setting index 3 for administratorAdministrator.
INFO [acme.framework.utilities.DatabasePopulator] > Setting index 4 for administratorAuthenticated.
INFO [acme.framework.utilities.DatabasePopulator] Persiting your entities.
INFO [acme.framework.utilities.DatabasePopulator] > Persisting anonymousUserAccount = acme.framework.entities.UserAccount{id=1, version=0}
INFO [acme.framework.utilities.DatabasePopulator] > Persisting anonymousAnonymous = acme.framework.entities.Anonymous{id=2, version=0}
INFO [acme.framework.utilities.DatabasePopulator] > Persisting administratorUserAccount = acme.framework.entities.UserAccount{id=3, version=0}
INFO [acme.framework.utilities.DatabasePopulator] > Persisting administratorAdministrator = acme.framework.entities.Administrator{id=4, version=0}
INFO [acme.framework.utilities.DatabasePopulator] > Persisting administratorAuthenticated = acme.framework.entities.Authenticated{id=5, version=0}
INFO [acme.framework.utilities.DatabasePopulator] Populating entities from classpath:/WEB-INF/population/sample-data.xml
INFO [acme.framework.utilities.DatabasePopulator] Validating your entities.
INFO [acme.framework.utilities.DatabasePopulator] Sorting your entities topologically.
INFO [acme.framework.utilities.DatabasePopulator] Persiting your entities.
INFO [acme.framework.configuration.ShutdownConfiguration] The system is shutting down...
INFO [acme.Launcher] Starting Launcher using Java 1.8.0_221 on CAPONATA with PID 3900 (D:\Courses\D&T\20-21\Workspace-21.2\Starters\Starter-Project\target\classes started by corchu in D:\Courses\D&T\20-21\Workspace-21.2\Starters\Starter-Project)
INFO [acme.Launcher] The following profiles are active: development,populator
INFO [acme.Launcher] Started Launcher in 5.325 seconds (JVM running for 5.969)
INFO [acme.framework.utilities.DatabasePopulator] Populating initial data
INFO [acme.framework.utilities.DatabasePopulator] Recreating schema
INFO [acme.framework.utilities.DatabasePopulator] Populating entities from classpath:/WEB-INF/population/initial-data.xml
INFO [acme.framework.utilities.DatabasePopulator] Validating your entities.
INFO [acme.framework.utilities.DatabasePopulator] Validating anonymousUserAccount ... PASS
INFO [acme.framework.utilities.DatabasePopulator] Validating anonymousAnonymous ... PASS
INFO [acme.framework.utilities.DatabasePopulator] Validating administratorUserAccount ... PASS
INFO [acme.framework.utilities.DatabasePopulator] Validating administratorAdministrator ... PASS
INFO [acme.framework.utilities.DatabasePopulator] Validating administratorAuthenticated ... PASS
INFO [acme.framework.utilities.DatabasePopulator] Sorting your entities topologically.
INFO [acme.framework.utilities.DatabasePopulator] > Setting index 0 for anonymousUserAccount.
INFO [acme.framework.utilities.DatabasePopulator] > Setting index 1 for anonymousAnonymous.
INFO [acme.framework.utilities.DatabasePopulator] > Setting index 2 for administratorUserAccount.
INFO [acme.framework.utilities.DatabasePopulator] > Setting index 3 for administratorAdministrator.
INFO [acme.framework.utilities.DatabasePopulator] > Setting index 4 for administratorAuthenticated.
INFO [acme.framework.utilities.DatabasePopulator] Persiting your entities.
INFO [acme.framework.utilities.DatabasePopulator] > Persisting anonymousUserAccount = acme.framework.entities.UserAccount{id=1, version=0}
INFO [acme.framework.utilities.DatabasePopulator] > Persisting anonymousAnonymous = acme.framework.entities.Anonymous{id=2, version=0}
INFO [acme.framework.utilities.DatabasePopulator] > Persisting administratorUserAccount = acme.framework.entities.UserAccount{id=3, version=0}
INFO [acme.framework.utilities.DatabasePopulator] > Persisting administratorAdministrator = acme.framework.entities.Administrator{id=4, version=0}
INFO [acme.framework.utilities.DatabasePopulator] > Persisting administratorAuthenticated = acme.framework.entities.Authenticated{id=5, version=0}
INFO [acme.framework.configuration.ShutdownConfiguration] The system is shutting down...
WARN [org.hibernate.orm.connections.pooling] HHH10001002: Using Hibernate built-in connection pool (not for production use!)
INFO [acme.Launcher] Starting Launcher using Java 1.8.0_221 on CAPONATA with PID 4100 (D:\Courses\D&T\20-21\Workspace-21.2\Starters\Starter-Project\target\classes started by corchu in D:\Courses\D&T\20-21\Workspace-21.2\Starters\Starter-Project)
INFO [acme.Launcher] The following profiles are active: development,populator
INFO [acme.Launcher] Started Launcher in 6.566 seconds (JVM running for 7.515)
INFO [acme.framework.utilities.DatabasePopulator] Populating sample data
INFO [acme.framework.utilities.DatabasePopulator] Recreating schema
INFO [acme.framework.utilities.DatabasePopulator] Populating entities from classpath:/WEB-INF/population/initial-data.xml
INFO [acme.framework.utilities.DatabasePopulator] Validating your entities.
INFO [acme.framework.utilities.DatabasePopulator] Validating anonymousUserAccount ... PASS
INFO [acme.framework.utilities.DatabasePopulator] Validating anonymousAnonymous ... PASS
INFO [acme.framework.utilities.DatabasePopulator] Validating administratorUserAccount ... PASS
INFO [acme.framework.utilities.DatabasePopulator] Validating administratorAdministrator ... PASS
INFO [acme.framework.utilities.DatabasePopulator] Validating administratorAuthenticated ... PASS
INFO [acme.framework.utilities.DatabasePopulator] Sorting your entities topologically.
INFO [acme.framework.utilities.DatabasePopulator] > Setting index 0 for anonymousUserAccount.
INFO [acme.framework.utilities.DatabasePopulator] > Setting index 1 for anonymousAnonymous.
INFO [acme.framework.utilities.DatabasePopulator] > Setting index 2 for administratorUserAccount.
INFO [acme.framework.utilities.DatabasePopulator] > Setting index 3 for administratorAdministrator.
INFO [acme.framework.utilities.DatabasePopulator] > Setting index 4 for administratorAuthenticated.
INFO [acme.framework.utilities.DatabasePopulator] Persiting your entities.
INFO [acme.framework.utilities.DatabasePopulator] > Persisting anonymousUserAccount = acme.framework.entities.UserAccount{id=1, version=0}
INFO [acme.framework.utilities.DatabasePopulator] > Persisting anonymousAnonymous = acme.framework.entities.Anonymous{id=2, version=0}
INFO [acme.framework.utilities.DatabasePopulator] > Persisting administratorUserAccount = acme.framework.entities.UserAccount{id=3, version=0}
INFO [acme.framework.utilities.DatabasePopulator] > Persisting administratorAdministrator = acme.framework.entities.Administrator{id=4, version=0}
INFO [acme.framework.utilities.DatabasePopulator] > Persisting administratorAuthenticated = acme.framework.entities.Authenticated{id=5, version=0}
INFO [acme.framework.utilities.DatabasePopulator] Populating entities from classpath:/WEB-INF/population/sample-data.xml
INFO [acme.framework.utilities.DatabasePopulator] Validating your entities.
INFO [acme.framework.utilities.DatabasePopulator] Sorting your entities topologically.
INFO [acme.framework.utilities.DatabasePopulator] Persiting your entities.
INFO [acme.framework.configuration.ShutdownConfiguration] The system is shutting down...
INFO [acme.Launcher] Starting Launcher using Java 1.8.0_281 on DESKTOP-70GPFSR with PID 16212 (C:\Users\raul-\Escritorio\Workspace-21.1\Projects\Acme-Planner\target\classes started by raul- in C:\Users\raul-\Escritorio\Workspace-21.1\Projects\Acme-Planner)
INFO [acme.Launcher] The following profiles are active: development,populator
INFO [acme.Launcher] Started Launcher in 5.43 seconds (JVM running for 6.028)
INFO [acme.framework.utilities.DatabasePopulator] Populating initial data
INFO [acme.framework.utilities.DatabasePopulator] Recreating schema
INFO [acme.framework.utilities.DatabasePopulator] Populating entities from classpath:/WEB-INF/population/initial-data.xml
INFO [acme.framework.utilities.DatabasePopulator] Validating your entities.
INFO [acme.framework.utilities.DatabasePopulator] Validating anonymousUserAccount ... PASS
INFO [acme.framework.utilities.DatabasePopulator] Validating anonymousAnonymous ... PASS
INFO [acme.framework.utilities.DatabasePopulator] Validating administratorUserAccount ... PASS
INFO [acme.framework.utilities.DatabasePopulator] Validating administratorAdministrator ... PASS
INFO [acme.framework.utilities.DatabasePopulator] Validating administratorAuthenticated ... PASS
INFO [acme.framework.utilities.DatabasePopulator] Sorting your entities topologically.
INFO [acme.framework.utilities.DatabasePopulator] > Setting index 0 for anonymousUserAccount.
INFO [acme.framework.utilities.DatabasePopulator] > Setting index 1 for anonymousAnonymous.
INFO [acme.framework.utilities.DatabasePopulator] > Setting index 2 for administratorUserAccount.
INFO [acme.framework.utilities.DatabasePopulator] > Setting index 3 for administratorAdministrator.
INFO [acme.framework.utilities.DatabasePopulator] > Setting index 4 for administratorAuthenticated.
INFO [acme.framework.utilities.DatabasePopulator] Persiting your entities.
INFO [acme.framework.utilities.DatabasePopulator] > Persisting anonymousUserAccount = acme.framework.entities.UserAccount{id=1, version=0}
INFO [acme.framework.utilities.DatabasePopulator] > Persisting anonymousAnonymous = acme.framework.entities.Anonymous{id=2, version=0}
INFO [acme.framework.utilities.DatabasePopulator] > Persisting administratorUserAccount = acme.framework.entities.UserAccount{id=3, version=0}
INFO [acme.framework.utilities.DatabasePopulator] > Persisting administratorAdministrator = acme.framework.entities.Administrator{id=4, version=0}
INFO [acme.framework.utilities.DatabasePopulator] > Persisting administratorAuthenticated = acme.framework.entities.Authenticated{id=5, version=0}
INFO [acme.framework.configuration.ShutdownConfiguration] The system is shutting down...
INFO [acme.Launcher] Starting Launcher using Java 1.8.0_281 on DESKTOP-70GPFSR with PID 1320 (C:\Users\raul-\Escritorio\Workspace-21.1\Projects\Acme-Planner\target\classes started by raul- in C:\Users\raul-\Escritorio\Workspace-21.1\Projects\Acme-Planner)
INFO [acme.Launcher] The following profiles are active: development,populator
INFO [acme.Launcher] Started Launcher in 5.011 seconds (JVM running for 5.481)
INFO [acme.framework.utilities.DatabasePopulator] Populating sample data
INFO [acme.framework.utilities.DatabasePopulator] Recreating schema
INFO [acme.framework.utilities.DatabasePopulator] Populating entities from classpath:/WEB-INF/population/initial-data.xml
INFO [acme.framework.utilities.DatabasePopulator] Validating your entities.
INFO [acme.framework.utilities.DatabasePopulator] Validating anonymousUserAccount ... PASS
INFO [acme.framework.utilities.DatabasePopulator] Validating anonymousAnonymous ... PASS
INFO [acme.framework.utilities.DatabasePopulator] Validating administratorUserAccount ... PASS
INFO [acme.framework.utilities.DatabasePopulator] Validating administratorAdministrator ... PASS
INFO [acme.framework.utilities.DatabasePopulator] Validating administratorAuthenticated ... PASS
INFO [acme.framework.utilities.DatabasePopulator] Sorting your entities topologically.
INFO [acme.framework.utilities.DatabasePopulator] > Setting index 0 for anonymousUserAccount.
INFO [acme.framework.utilities.DatabasePopulator] > Setting index 1 for anonymousAnonymous.
INFO [acme.framework.utilities.DatabasePopulator] > Setting index 2 for administratorUserAccount.
INFO [acme.framework.utilities.DatabasePopulator] > Setting index 3 for administratorAdministrator.
INFO [acme.framework.utilities.DatabasePopulator] > Setting index 4 for administratorAuthenticated.
INFO [acme.framework.utilities.DatabasePopulator] Persiting your entities.
INFO [acme.framework.utilities.DatabasePopulator] > Persisting anonymousUserAccount = acme.framework.entities.UserAccount{id=1, version=0}
INFO [acme.framework.utilities.DatabasePopulator] > Persisting anonymousAnonymous = acme.framework.entities.Anonymous{id=2, version=0}
INFO [acme.framework.utilities.DatabasePopulator] > Persisting administratorUserAccount = acme.framework.entities.UserAccount{id=3, version=0}
INFO [acme.framework.utilities.DatabasePopulator] > Persisting administratorAdministrator = acme.framework.entities.Administrator{id=4, version=0}
INFO [acme.framework.utilities.DatabasePopulator] > Persisting administratorAuthenticated = acme.framework.entities.Authenticated{id=5, version=0}
INFO [acme.framework.utilities.DatabasePopulator] Populating entities from classpath:/WEB-INF/population/sample-data.xml
INFO [acme.framework.utilities.DatabasePopulator] Validating your entities.
INFO [acme.framework.utilities.DatabasePopulator] Validating shout01 ... PASS
INFO [acme.framework.utilities.DatabasePopulator] Validating shout02 ... PASS
INFO [acme.framework.utilities.DatabasePopulator] Validating shout03 ... PASS
INFO [acme.framework.utilities.DatabasePopulator] Validating shout04 ... PASS
INFO [acme.framework.utilities.DatabasePopulator] Validating shout05 ... PASS
INFO [acme.framework.utilities.DatabasePopulator] Validating shout06 ... PASS
INFO [acme.framework.utilities.DatabasePopulator] Validating shout07 ... PASS
INFO [acme.framework.utilities.DatabasePopulator] Validating shout08 ... PASS
INFO [acme.framework.utilities.DatabasePopulator] Validating shout09 ... PASS
INFO [acme.framework.utilities.DatabasePopulator] Validating shout10 ... PASS
INFO [acme.framework.utilities.DatabasePopulator] Validating task01 ... PASS
INFO [acme.framework.utilities.DatabasePopulator] Validating task02 ... PASS
INFO [acme.framework.utilities.DatabasePopulator] Validating task03 ... PASS
INFO [acme.framework.utilities.DatabasePopulator] Validating task04 ... PASS
INFO [acme.framework.utilities.DatabasePopulator] Validating task05 ... PASS
INFO [acme.framework.utilities.DatabasePopulator] Validating task06 ... PASS
INFO [acme.framework.utilities.DatabasePopulator] Validating task07 ... PASS
INFO [acme.framework.utilities.DatabasePopulator] Validating task08 ... PASS
INFO [acme.framework.utilities.DatabasePopulator] Validating task09 ... PASS
INFO [acme.framework.utilities.DatabasePopulator] Validating task10 ... PASS
INFO [acme.framework.utilities.DatabasePopulator] Validating task11 ... PASS
INFO [acme.framework.utilities.DatabasePopulator] Validating task12 ... PASS
INFO [acme.framework.utilities.DatabasePopulator] Validating task13 ... PASS
INFO [acme.framework.utilities.DatabasePopulator] Validating task14 ... PASS
INFO [acme.framework.utilities.DatabasePopulator] Validating task15 ... PASS
INFO [acme.framework.utilities.DatabasePopulator] Validating task16 ... PASS
INFO [acme.framework.utilities.DatabasePopulator] Validating task17 ... PASS
INFO [acme.framework.utilities.DatabasePopulator] Validating task18 ... PASS
INFO [acme.framework.utilities.DatabasePopulator] Validating task19 ... PASS
INFO [acme.framework.utilities.DatabasePopulator] Validating task20 ... PASS
INFO [acme.framework.utilities.DatabasePopulator] Validating spam1 ... PASS
INFO [acme.framework.utilities.DatabasePopulator] Validating spam2 ... PASS
INFO [acme.framework.utilities.DatabasePopulator] Validating spam3 ... PASS
INFO [acme.framework.utilities.DatabasePopulator] Validating spam4 ... PASS
INFO [acme.framework.utilities.DatabasePopulator] Validating spam5 ... PASS
INFO [acme.framework.utilities.DatabasePopulator] Validating spam6 ... PASS
INFO [acme.framework.utilities.DatabasePopulator] Validating spam7 ... PASS
INFO [acme.framework.utilities.DatabasePopulator] Validating spam8 ... PASS
INFO [acme.framework.utilities.DatabasePopulator] Validating spam9 ... PASS
INFO [acme.framework.utilities.DatabasePopulator] Validating spam10 ... PASS
INFO [acme.framework.utilities.DatabasePopulator] Validating threshold1 ... PASS
INFO [acme.framework.utilities.DatabasePopulator] Validating managerUserAccount ... PASS
INFO [acme.framework.utilities.DatabasePopulator] Validating administratorAdministrator ... PASS
INFO [acme.framework.utilities.DatabasePopulator] Validating administratorAuthenticated ... PASS
INFO [acme.framework.utilities.DatabasePopulator] Validating administratorManager ... PASS
INFO [acme.framework.utilities.DatabasePopulator] Validating managerUserAccount2 ... PASS
INFO [acme.framework.utilities.DatabasePopulator] Validating administratorAdministrator2 ... PASS
INFO [acme.framework.utilities.DatabasePopulator] Validating administratorAuthenticated2 ... PASS
INFO [acme.framework.utilities.DatabasePopulator] Validating administratorManager2 ... PASS
INFO [acme.framework.utilities.DatabasePopulator] Sorting your entities topologically.
INFO [acme.framework.utilities.DatabasePopulator] > Setting index 0 for shout01.
INFO [acme.framework.utilities.DatabasePopulator] > Setting index 1 for shout02.
INFO [acme.framework.utilities.DatabasePopulator] > Setting index 2 for shout03.
INFO [acme.framework.utilities.DatabasePopulator] > Setting index 3 for shout04.
INFO [acme.framework.utilities.DatabasePopulator] > Setting index 4 for shout05.
INFO [acme.framework.utilities.DatabasePopulator] > Setting index 5 for shout06.
INFO [acme.framework.utilities.DatabasePopulator] > Setting index 6 for shout07.
INFO [acme.framework.utilities.DatabasePopulator] > Setting index 7 for shout08.
INFO [acme.framework.utilities.DatabasePopulator] > Setting index 8 for shout09.
INFO [acme.framework.utilities.DatabasePopulator] > Setting index 9 for shout10.
INFO [acme.framework.utilities.DatabasePopulator] > Deferring task01.
INFO [acme.framework.utilities.DatabasePopulator] > Deferring task02.
INFO [acme.framework.utilities.DatabasePopulator] > Deferring task03.
INFO [acme.framework.utilities.DatabasePopulator] > Deferring task04.
INFO [acme.framework.utilities.DatabasePopulator] > Deferring task05.
INFO [acme.framework.utilities.DatabasePopulator] > Deferring task06.
INFO [acme.framework.utilities.DatabasePopulator] > Deferring task07.
INFO [acme.framework.utilities.DatabasePopulator] > Deferring task08.
INFO [acme.framework.utilities.DatabasePopulator] > Deferring task09.
INFO [acme.framework.utilities.DatabasePopulator] > Deferring task10.
INFO [acme.framework.utilities.DatabasePopulator] > Deferring task11.
INFO [acme.framework.utilities.DatabasePopulator] > Deferring task12.
INFO [acme.framework.utilities.DatabasePopulator] > Deferring task13.
INFO [acme.framework.utilities.DatabasePopulator] > Deferring task14.
INFO [acme.framework.utilities.DatabasePopulator] > Deferring task15.
INFO [acme.framework.utilities.DatabasePopulator] > Deferring task16.
INFO [acme.framework.utilities.DatabasePopulator] > Deferring task17.
INFO [acme.framework.utilities.DatabasePopulator] > Deferring task18.
INFO [acme.framework.utilities.DatabasePopulator] > Deferring task19.
INFO [acme.framework.utilities.DatabasePopulator] > Deferring task20.
INFO [acme.framework.utilities.DatabasePopulator] > Setting index 10 for spam1.
INFO [acme.framework.utilities.DatabasePopulator] > Setting index 11 for spam2.
INFO [acme.framework.utilities.DatabasePopulator] > Setting index 12 for spam3.
INFO [acme.framework.utilities.DatabasePopulator] > Setting index 13 for spam4.
INFO [acme.framework.utilities.DatabasePopulator] > Setting index 14 for spam5.
INFO [acme.framework.utilities.DatabasePopulator] > Setting index 15 for spam6.
INFO [acme.framework.utilities.DatabasePopulator] > Setting index 16 for spam7.
INFO [acme.framework.utilities.DatabasePopulator] > Setting index 17 for spam8.
INFO [acme.framework.utilities.DatabasePopulator] > Setting index 18 for spam9.
INFO [acme.framework.utilities.DatabasePopulator] > Setting index 19 for spam10.
INFO [acme.framework.utilities.DatabasePopulator] > Setting index 20 for threshold1.
INFO [acme.framework.utilities.DatabasePopulator] > Setting index 21 for managerUserAccount.
INFO [acme.framework.utilities.DatabasePopulator] > Setting index 22 for administratorAdministrator.
INFO [acme.framework.utilities.DatabasePopulator] > Setting index 23 for administratorAuthenticated.
INFO [acme.framework.utilities.DatabasePopulator] > Setting index 24 for administratorManager.
INFO [acme.framework.utilities.DatabasePopulator] > Setting index 25 for managerUserAccount2.
INFO [acme.framework.utilities.DatabasePopulator] > Setting index 26 for administratorAdministrator2.
INFO [acme.framework.utilities.DatabasePopulator] > Setting index 27 for administratorAuthenticated2.
INFO [acme.framework.utilities.DatabasePopulator] > Setting index 28 for administratorManager2.
INFO [acme.framework.utilities.DatabasePopulator] > Setting index 29 for task01.
INFO [acme.framework.utilities.DatabasePopulator] > Setting index 30 for task02.
INFO [acme.framework.utilities.DatabasePopulator] > Setting index 31 for task03.
INFO [acme.framework.utilities.DatabasePopulator] > Setting index 32 for task04.
INFO [acme.framework.utilities.DatabasePopulator] > Setting index 33 for task05.
INFO [acme.framework.utilities.DatabasePopulator] > Setting index 34 for task06.
INFO [acme.framework.utilities.DatabasePopulator] > Setting index 35 for task07.
INFO [acme.framework.utilities.DatabasePopulator] > Setting index 36 for task08.
INFO [acme.framework.utilities.DatabasePopulator] > Setting index 37 for task09.
INFO [acme.framework.utilities.DatabasePopulator] > Setting index 38 for task10.
INFO [acme.framework.utilities.DatabasePopulator] > Setting index 39 for task11.
INFO [acme.framework.utilities.DatabasePopulator] > Setting index 40 for task12.
INFO [acme.framework.utilities.DatabasePopulator] > Setting index 41 for task13.
INFO [acme.framework.utilities.DatabasePopulator] > Setting index 42 for task14.
INFO [acme.framework.utilities.DatabasePopulator] > Setting index 43 for task15.
INFO [acme.framework.utilities.DatabasePopulator] > Setting index 44 for task16.
INFO [acme.framework.utilities.DatabasePopulator] > Setting index 45 for task17.
INFO [acme.framework.utilities.DatabasePopulator] > Setting index 46 for task18.
INFO [acme.framework.utilities.DatabasePopulator] > Setting index 47 for task19.
INFO [acme.framework.utilities.DatabasePopulator] > Setting index 48 for task20.
INFO [acme.framework.utilities.DatabasePopulator] Persiting your entities.
INFO [acme.framework.utilities.DatabasePopulator] > Persisting shout01 = acme.entities.shouts.Shout{id=226, version=0}
INFO [acme.framework.utilities.DatabasePopulator] > Persisting shout02 = acme.entities.shouts.Shout{id=227, version=0}
INFO [acme.framework.utilities.DatabasePopulator] > Persisting shout03 = acme.entities.shouts.Shout{id=228, version=0}
INFO [acme.framework.utilities.DatabasePopulator] > Persisting shout04 = acme.entities.shouts.Shout{id=229, version=0}
INFO [acme.framework.utilities.DatabasePopulator] > Persisting shout05 = acme.entities.shouts.Shout{id=230, version=0}
INFO [acme.framework.utilities.DatabasePopulator] > Persisting shout06 = acme.entities.shouts.Shout{id=231, version=0}
INFO [acme.framework.utilities.DatabasePopulator] > Persisting shout07 = acme.entities.shouts.Shout{id=232, version=0}
INFO [acme.framework.utilities.DatabasePopulator] > Persisting shout08 = acme.entities.shouts.Shout{id=233, version=0}
INFO [acme.framework.utilities.DatabasePopulator] > Persisting shout09 = acme.entities.shouts.Shout{id=234, version=0}
INFO [acme.framework.utilities.DatabasePopulator] > Persisting shout10 = acme.entities.shouts.Shout{id=235, version=0}
INFO [acme.framework.utilities.DatabasePopulator] > Persisting spam1 = hard core
INFO [acme.framework.utilities.DatabasePopulator] > Persisting spam2 = sex
INFO [acme.framework.utilities.DatabasePopulator] > Persisting spam3 = viagra
INFO [acme.framework.utilities.DatabasePopulator] > Persisting spam4 = cialis
INFO [acme.framework.utilities.DatabasePopulator] > Persisting spam5 = nigeria
INFO [acme.framework.utilities.DatabasePopulator] > Persisting spam6 = you've won
INFO [acme.framework.utilities.DatabasePopulator] > Persisting spam7 = million dollar
INFO [acme.framework.utilities.DatabasePopulator] > Persisting spam8 = sexo
INFO [acme.framework.utilities.DatabasePopulator] > Persisting spam9 = Has ganado
INFO [acme.framework.utilities.DatabasePopulator] > Persisting spam10 = millón de euros
INFO [acme.framework.utilities.DatabasePopulator] > Persisting threshold1 = 10.0
INFO [acme.framework.utilities.DatabasePopulator] > Persisting managerUserAccount = acme.framework.entities.UserAccount{id=247, version=0}
INFO [acme.framework.utilities.DatabasePopulator] > Persisting administratorAdministrator = acme.framework.entities.Administrator{id=248, version=0}
INFO [acme.framework.utilities.DatabasePopulator] > Persisting administratorAuthenticated = acme.framework.entities.Authenticated{id=249, version=0}
INFO [acme.framework.utilities.DatabasePopulator] > Persisting administratorManager = acme.entities.roles.Manager{id=250, version=0}
INFO [acme.framework.utilities.DatabasePopulator] > Persisting managerUserAccount2 = acme.framework.entities.UserAccount{id=251, version=0}
INFO [acme.framework.utilities.DatabasePopulator] > Persisting administratorAdministrator2 = acme.framework.entities.Administrator{id=252, version=0}
INFO [acme.framework.utilities.DatabasePopulator] > Persisting administratorAuthenticated2 = acme.framework.entities.Authenticated{id=253, version=0}
INFO [acme.framework.utilities.DatabasePopulator] > Persisting administratorManager2 = acme.entities.roles.Manager{id=254, version=0}
INFO [acme.framework.utilities.DatabasePopulator] > Persisting task01 = Task [title=Create the entity Task for level C, startMoment=Mon Apr 19 00:00:00 CEST 2021, endMoment=Tue Apr 20 18:00:00 CEST 2021, description=The entity Task must include: a title, an execution period, a description,and an optional link., workload=1.5, link=null, status=PUBLIC, manager=acme.entities.roles.Manager{id=250, version=0}]
INFO [acme.framework.utilities.DatabasePopulator] > Persisting task02 = Task [title=List public tasks that are non-finished for level C, startMoment=Tue Apr 20 18:30:00 CEST 2021, endMoment=Thu Apr 22 10:00:00 CEST 2021, description=List the public tasks that are non-finished (sorted by execution    period or work-load). Show the details of any public tasks that are non-finished., workload=2.5, link=null, status=PUBLIC, manager=acme.entities.roles.Manager{id=250, version=0}]
INFO [acme.framework.utilities.DatabasePopulator] > Persisting task03 = Task [title=List public tasks finished for level C, startMoment=Tue Apr 20 18:30:00 CEST 2021, endMoment=Thu Apr 22 10:00:00 CEST 2021, description=List the public tasks that are finished (sorted by execution period or workload)., workload=2.5, link=null, status=PRIVATE, manager=acme.entities.roles.Manager{id=250, version=0}]
INFO [acme.framework.utilities.DatabasePopulator] > Persisting task04 = Task [title=Show the details for level C, startMoment=Mon Apr 19 00:00:00 CEST 2021, endMoment=Fri Apr 30 10:00:00 CEST 2021, description=An authenticated principal must be able to: Show the details of the public tasks that are finished, workload=2.5, link=null, status=PRIVATE, manager=acme.entities.roles.Manager{id=254, version=0}]
INFO [acme.framework.utilities.DatabasePopulator] > Persisting task05 = Task [title=Create a dashboard for level C, startMoment=Fri Apr 23 00:00:00 CEST 2021, endMoment=Fri Apr 30 17:00:00 CEST 2021, description=Information: num of task public/priv, num of finished/not finished task, etc, workload=3.8, link=https://github.com/Servandofg12/DP2-June13/projects/1, status=PRIVATE, manager=acme.entities.roles.Manager{id=250, version=0}]
INFO [acme.framework.utilities.DatabasePopulator] > Persisting task06 = Task [title=Change the color of the header buttons, startMoment=Mon Nov 21 10:10:00 CET 2022, endMoment=Sun Apr 30 17:00:00 CEST 2023, description=Change the color of the header buttons when selected to red, workload=20.5, link=https://github.com/Servandofg12/DP2-June13/projects/1, status=PRIVATE, manager=acme.entities.roles.Manager{id=254, version=0}]
INFO [acme.framework.utilities.DatabasePopulator] > Persisting task07 = Task [title=Change the background color of the header menu, startMoment=Tue Dec 21 17:10:00 CET 2021, endMoment=Thu Dec 30 17:58:00 CET 2021, description=Change the background color of the header menu to light green, workload=12.5, link=https://github.com/Servandofg12/DP2-June13/projects/1, status=PUBLIC, manager=acme.entities.roles.Manager{id=250, version=0}]
INFO [acme.framework.utilities.DatabasePopulator] > Persisting task08 = Task [title=Change the message of the Welcome page, startMoment=Sat Nov 21 10:10:00 CET 2020, endMoment=Thu Dec 30 17:26:00 CET 2021, description=Change the message of the Welcome page to an image of a monkey, workload=22.5, link=https://github.com/Servandofg12/DP2-June13/projects/1, status=PRIVATE, manager=acme.entities.roles.Manager{id=250, version=0}]
INFO [acme.framework.utilities.DatabasePopulator] > Persisting task09 = Task [title=Create a technical report (in Spanish) that describes the history of the project, startMoment=Fri Jan 21 04:10:00 CET 2022, endMoment=Wed Mar 30 17:26:00 CEST 2022, description=Create a technical report (in Spanish) that describes the history of the project after finishing with the previous tasks, workload=32.13, link=null, status=PUBLIC, manager=acme.entities.roles.Manager{id=254, version=0}]
INFO [acme.framework.utilities.DatabasePopulator] > Persisting task10 = Task [title=Add delete support, startMoment=Tue Jan 21 04:10:00 CET 2020, endMoment=Wed Mar 30 17:26:00 CEST 2022, description=Add delete support to all main domain objects , workload=45.3, link=null, status=PUBLIC, manager=acme.entities.roles.Manager{id=250, version=0}]
INFO [acme.framework.utilities.DatabasePopulator] > Persisting task11 = Task [title=Change the overall style of the website, startMoment=Thu Jan 21 14:10:00 CET 2021, endMoment=Tue Nov 30 17:46:00 CET 2021, description=Change the overall style of the website, modifying the logos, fonts and colors of the pages. It should use brownish tones, workload=85.4, link=null, status=PUBLIC, manager=acme.entities.roles.Manager{id=250, version=0}]
INFO [acme.framework.utilities.DatabasePopulator] > Persisting task12 = Task [title=Edit model.uxf and create Java class, startMoment=Thu Mar 11 14:10:00 CET 2021, endMoment=Sun Dec 12 17:26:00 CET 2021, description=Edit model.uxf and create Java class, workload=15.5, link=null, status=PRIVATE, manager=acme.entities.roles.Manager{id=250, version=0}]
INFO [acme.framework.utilities.DatabasePopulator] > Persisting task13 = Task [title=Add your fav link, startMoment=Thu Jan 21 18:10:00 CET 2021, endMoment=Sat Dec 11 16:46:00 CET 2021, description=Add your favourite link to the menu. You must display an i18d message: Member's favourite link; and it must link your favourite web site., workload=10.1, link=null, status=PRIVATE, manager=acme.entities.roles.Manager{id=250, version=0}]
INFO [acme.framework.utilities.DatabasePopulator] > Persisting task14 = Task [title=Change the logo of the website, startMoment=Thu Jan 21 14:10:00 CET 2021, endMoment=Thu Dec 30 10:46:00 CET 2021, description=Change the logo of the website to your favourite photo, workload=125.44, link=null, status=PUBLIC, manager=acme.entities.roles.Manager{id=254, version=0}]
INFO [acme.framework.utilities.DatabasePopulator] > Persisting task15 = Task [title=Add a new funcionallity, startMoment=Sun Apr 11 14:00:00 CEST 2021, endMoment=Fri Jun 11 10:16:00 CEST 2021, description=Add a new functionality that you consider important, workload=15.5, link=null, status=PUBLIC, manager=acme.entities.roles.Manager{id=254, version=0}]
INFO [acme.framework.utilities.DatabasePopulator] > Persisting task16 = Task [title=Add your contact address, startMoment=Thu Jan 21 18:00:00 CET 2021, endMoment=Sat Dec 11 21:00:00 CET 2021, description=Add your contact address and delete your favourite link, workload=46.6, link=null, status=PUBLIC, manager=acme.entities.roles.Manager{id=254, version=0}]
INFO [acme.framework.utilities.DatabasePopulator] > Persisting task17 = Task [title=Add a new link, startMoment=Tue Jan 21 18:10:00 CET 2020, endMoment=Fri Dec 11 16:46:00 CET 2020, description=Add a new link to the menu., workload=11.1, link=null, status=PUBLIC, manager=acme.entities.roles.Manager{id=254, version=0}]
INFO [acme.framework.utilities.DatabasePopulator] > Persisting task18 = Task [title=Change the logo of the website to a puppy photo, startMoment=Mon Jan 21 14:00:00 CET 2019, endMoment=Mon Dec 30 10:00:00 CET 2019, description=Change the logo of the website to a puppy photo, workload=125.44, link=null, status=PUBLIC, manager=acme.entities.roles.Manager{id=250, version=0}]
INFO [acme.framework.utilities.DatabasePopulator] > Persisting task19 = Task [title=Delete shout funcionallity, startMoment=Mon Jan 11 09:00:00 CET 2021, endMoment=Thu Feb 11 12:00:00 CET 2021, description=Delete shout funcionallity , workload=24.0, link=null, status=PUBLIC, manager=acme.entities.roles.Manager{id=250, version=0}]
INFO [acme.framework.utilities.DatabasePopulator] > Persisting task20 = Task [title=Populate Data Base, startMoment=Mon Feb 01 00:00:00 CET 2021, endMoment=Sun Feb 28 00:00:00 CET 2021, description=Populate Data Base with new information, workload=62.6, link=null, status=PUBLIC, manager=acme.entities.roles.Manager{id=254, version=0}]
INFO [acme.framework.configuration.ShutdownConfiguration] The system is shutting down...
INFO [acme.Launcher] Starting Launcher using Java 1.8.0_281 on DESKTOP-70GPFSR with PID 4100 (C:\Users\raul-\Escritorio\Workspace-21.1\Projects\Acme-Planner\target\classes started by raul- in C:\Users\raul-\Escritorio\Workspace-21.1\Projects\Acme-Planner)
INFO [acme.Launcher] The following profiles are active: development,populator
INFO [acme.Launcher] Started Launcher in 5.051 seconds (JVM running for 5.539)
INFO [acme.framework.utilities.DatabasePopulator] Populating initial data
INFO [acme.framework.utilities.DatabasePopulator] Recreating schema
INFO [acme.framework.utilities.DatabasePopulator] Populating entities from classpath:/WEB-INF/population/initial-data.xml
INFO [acme.framework.utilities.DatabasePopulator] Validating your entities.
INFO [acme.framework.utilities.DatabasePopulator] Validating anonymousUserAccount ... PASS
INFO [acme.framework.utilities.DatabasePopulator] Validating anonymousAnonymous ... PASS
INFO [acme.framework.utilities.DatabasePopulator] Validating administratorUserAccount ... PASS
INFO [acme.framework.utilities.DatabasePopulator] Validating administratorAdministrator ... PASS
INFO [acme.framework.utilities.DatabasePopulator] Validating administratorAuthenticated ... PASS
INFO [acme.framework.utilities.DatabasePopulator] Sorting your entities topologically.
INFO [acme.framework.utilities.DatabasePopulator] > Setting index 0 for anonymousUserAccount.
INFO [acme.framework.utilities.DatabasePopulator] > Setting index 1 for anonymousAnonymous.
INFO [acme.framework.utilities.DatabasePopulator] > Setting index 2 for administratorUserAccount.
INFO [acme.framework.utilities.DatabasePopulator] > Setting index 3 for administratorAdministrator.
INFO [acme.framework.utilities.DatabasePopulator] > Setting index 4 for administratorAuthenticated.
INFO [acme.framework.utilities.DatabasePopulator] Persiting your entities.
INFO [acme.framework.utilities.DatabasePopulator] > Persisting anonymousUserAccount = acme.framework.entities.UserAccount{id=1, version=0}
INFO [acme.framework.utilities.DatabasePopulator] > Persisting anonymousAnonymous = acme.framework.entities.Anonymous{id=2, version=0}
INFO [acme.framework.utilities.DatabasePopulator] > Persisting administratorUserAccount = acme.framework.entities.UserAccount{id=3, version=0}
INFO [acme.framework.utilities.DatabasePopulator] > Persisting administratorAdministrator = acme.framework.entities.Administrator{id=4, version=0}
INFO [acme.framework.utilities.DatabasePopulator] > Persisting administratorAuthenticated = acme.framework.entities.Authenticated{id=5, version=0}
INFO [acme.framework.configuration.ShutdownConfiguration] The system is shutting down...
INFO [acme.Launcher] Starting Launcher using Java 1.8.0_281 on DESKTOP-70GPFSR with PID 17252 (C:\Users\raul-\Escritorio\Workspace-21.1\Projects\Acme-Planner\target\classes started by raul- in C:\Users\raul-\Escritorio\Workspace-21.1\Projects\Acme-Planner)
INFO [acme.Launcher] The following profiles are active: development,populator
INFO [acme.Launcher] Started Launcher in 5.028 seconds (JVM running for 5.515)
INFO [acme.framework.utilities.DatabasePopulator] Populating initial data
INFO [acme.framework.utilities.DatabasePopulator] Recreating schema
INFO [acme.framework.utilities.DatabasePopulator] Populating entities from classpath:/WEB-INF/population/initial-data.xml
INFO [acme.framework.utilities.DatabasePopulator] Validating your entities.
INFO [acme.framework.utilities.DatabasePopulator] Validating anonymousUserAccount ... PASS
INFO [acme.framework.utilities.DatabasePopulator] Validating anonymousAnonymous ... PASS
INFO [acme.framework.utilities.DatabasePopulator] Validating administratorUserAccount ... PASS
INFO [acme.framework.utilities.DatabasePopulator] Validating administratorAdministrator ... PASS
INFO [acme.framework.utilities.DatabasePopulator] Validating administratorAuthenticated ... PASS
INFO [acme.framework.utilities.DatabasePopulator] Sorting your entities topologically.
INFO [acme.framework.utilities.DatabasePopulator] > Setting index 0 for anonymousUserAccount.
INFO [acme.framework.utilities.DatabasePopulator] > Setting index 1 for anonymousAnonymous.
INFO [acme.framework.utilities.DatabasePopulator] > Setting index 2 for administratorUserAccount.
INFO [acme.framework.utilities.DatabasePopulator] > Setting index 3 for administratorAdministrator.
INFO [acme.framework.utilities.DatabasePopulator] > Setting index 4 for administratorAuthenticated.
INFO [acme.framework.utilities.DatabasePopulator] Persiting your entities.
INFO [acme.framework.utilities.DatabasePopulator] > Persisting anonymousUserAccount = acme.framework.entities.UserAccount{id=1, version=0}
INFO [acme.framework.utilities.DatabasePopulator] > Persisting anonymousAnonymous = acme.framework.entities.Anonymous{id=2, version=0}
INFO [acme.framework.utilities.DatabasePopulator] > Persisting administratorUserAccount = acme.framework.entities.UserAccount{id=3, version=0}
INFO [acme.framework.utilities.DatabasePopulator] > Persisting administratorAdministrator = acme.framework.entities.Administrator{id=4, version=0}
INFO [acme.framework.utilities.DatabasePopulator] > Persisting administratorAuthenticated = acme.framework.entities.Authenticated{id=5, version=0}
INFO [acme.framework.configuration.ShutdownConfiguration] The system is shutting down...
INFO [acme.Launcher] Starting Launcher using Java 1.8.0_281 on DESKTOP-70GPFSR with PID 16392 (C:\Users\raul-\Escritorio\Workspace-21.1\Projects\Acme-Planner\target\classes started by raul- in C:\Users\raul-\Escritorio\Workspace-21.1\Projects\Acme-Planner)
INFO [acme.Launcher] The following profiles are active: development,populator
INFO [acme.Launcher] Started Launcher in 5.377 seconds (JVM running for 5.89)
INFO [acme.framework.utilities.DatabasePopulator] Populating initial data
INFO [acme.framework.utilities.DatabasePopulator] Recreating schema
INFO [acme.framework.utilities.DatabasePopulator] Populating entities from classpath:/WEB-INF/population/initial-data.xml
INFO [acme.framework.utilities.DatabasePopulator] Validating your entities.
INFO [acme.framework.utilities.DatabasePopulator] Validating anonymousUserAccount ... PASS
INFO [acme.framework.utilities.DatabasePopulator] Validating anonymousAnonymous ... PASS
INFO [acme.framework.utilities.DatabasePopulator] Validating administratorUserAccount ... PASS
INFO [acme.framework.utilities.DatabasePopulator] Validating administratorAdministrator ... PASS
INFO [acme.framework.utilities.DatabasePopulator] Validating administratorAuthenticated ... PASS
INFO [acme.framework.utilities.DatabasePopulator] Sorting your entities topologically.
INFO [acme.framework.utilities.DatabasePopulator] > Setting index 0 for anonymousUserAccount.
INFO [acme.framework.utilities.DatabasePopulator] > Setting index 1 for anonymousAnonymous.
INFO [acme.framework.utilities.DatabasePopulator] > Setting index 2 for administratorUserAccount.
INFO [acme.framework.utilities.DatabasePopulator] > Setting index 3 for administratorAdministrator.
INFO [acme.framework.utilities.DatabasePopulator] > Setting index 4 for administratorAuthenticated.
INFO [acme.framework.utilities.DatabasePopulator] Persiting your entities.
INFO [acme.framework.utilities.DatabasePopulator] > Persisting anonymousUserAccount = acme.framework.entities.UserAccount{id=1, version=0}
INFO [acme.framework.utilities.DatabasePopulator] > Persisting anonymousAnonymous = acme.framework.entities.Anonymous{id=2, version=0}
INFO [acme.framework.utilities.DatabasePopulator] > Persisting administratorUserAccount = acme.framework.entities.UserAccount{id=3, version=0}
INFO [acme.framework.utilities.DatabasePopulator] > Persisting administratorAdministrator = acme.framework.entities.Administrator{id=4, version=0}
INFO [acme.framework.utilities.DatabasePopulator] > Persisting administratorAuthenticated = acme.framework.entities.Authenticated{id=5, version=0}
INFO [acme.framework.configuration.ShutdownConfiguration] The system is shutting down...
